<?xml version="1.0" encoding="UTF-8"?>
<!-- Generated by org.testng.reporters.JUnitReportReporter -->
<testsuite hostname="Ajay-Cloud" failures="0" tests="1" name="practicleImplementationOfCodes.LaunchBrowser" time="6.457" errors="0" timestamp="2023-08-24T14:40:37 IST" skipped="0">
  <testcase classname="practicleImplementationOfCodes.LaunchBrowser" name="launchFirefoxBrowser" time="6.457"/>
  <system-out/>
</testsuite> <!-- practicleImplementationOfCodes.LaunchBrowser -->
